[23:38:35.07] /o Custom Designer (TM) Version J-2014.12-SP2-2
              /c Build  (OPT) Config 2901729 compiled on Sun Jul 26 20:41:43 2015 for RHEL64 5.7
              /c Invocation: /usr/local/synopsys/customdesigner/J-2014.12-SP2-2/amd64/platform/bin/cdesigner
              /c Execution time: Tue Jan 22 23:38:29 2019
              /c Host: bender.engr.ucr.edu
              /c 
              /c Copyright © 2004-2015 Synopsys, Inc. All rights reserved.
              /c Your use of this program is subject to the terms and conditions of the written license agreement between you, or your company, and Synopsys.
              /c 
[23:38:37.87] /i db::setAttr geometry -of [gi::getFrames 0] -value 600x300+8+514
[23:38:39.23] /i db::setAttr geometry -of [gi::getFrames 0] -value 600x300+962+319
[23:38:45.54] /# gi::executeAction dmShowLibraryManager -in [gi::getWindows 0]
[23:38:45.55] /i dm::showLibraryManager
[23:38:45.55] /r giWindowId 1
[23:38:45.55] /r giWindowGeometry 660x600+50+50
[23:38:45.68] /o oa:0x22cab470
[23:38:46.03] /i db::setAttr geometry -of [gi::getFrames 1] -value 660x600+58+81
[23:38:46.82] /i gi::setCurrentIndex {libs} -index {basic} -in [gi::getWindows 1]
[23:38:46.91] /i gi::setItemSelection {libs} -index {basic} -in [gi::getWindows 1]
[23:38:47.98] /i gi::setCurrentIndex {libs} -index {analogLib} -in [gi::getWindows 1]
[23:38:48.05] /i gi::setItemSelection {libs} -index {analogLib} -in [gi::getWindows 1]
[23:38:48.94] /i gi::setCurrentIndex {libs} -index {mylibrary} -in [gi::getWindows 1]
[23:38:48.99] /i gi::setItemSelection {libs} -index {mylibrary} -in [gi::getWindows 1]
[23:38:49.84] /i gi::setCurrentIndex {cells} -index {inverter} -in [gi::getWindows 1]
[23:38:49.88] /i gi::setItemSelection {cells} -index {inverter} -in [gi::getWindows 1]
[23:38:50.35] /i gi::setCurrentIndex {cells} -index {inverter_testbench} -in [gi::getWindows 1]
[23:38:50.42] /i gi::setItemSelection {cells} -index {inverter_testbench} -in [gi::getWindows 1]
[23:38:51.06] /i gi::setCurrentIndex {cells} -index {inverter} -in [gi::getWindows 1]
[23:38:51.08] /i gi::setItemSelection {cells} -index {inverter} -in [gi::getWindows 1]
[23:39:01.40] /i gi::setCurrentIndex {views} -index {schematic} -in [gi::getWindows 1]
[23:39:01.42] /i gi::setItemSelection {views} -index {schematic} -in [gi::getWindows 1]
[23:39:01.51] /i gi::executeAction dmOpen -in [gi::getWindows 1]
[23:39:01.57] /o 	############################################
[23:39:01.57] /o 	--------------------------------------------
[23:39:01.57] /o 	PDK Name................... : SAED_PDK_90
[23:39:01.57] /o 	PDK Release Date........... : 29-Sep-2015
[23:39:01.57] /o 	PDK Custom Designer Version : J-2014.12-2
[23:39:01.57] /o 	--------------------------------------------
[23:39:01.57] /o 	############################################
[23:39:01.58] /o 
[23:39:01.58] /w Warning: Preference 'leActiveLPP' is deprecated and scheduled for removal in a future release with no replacement. For migration assistance, see the Custom Designer Tcl Reference Manual. (PREFERENCE-058)
[23:39:01.58] /o SAED PDK 90: Loaded callbacks
[23:39:01.59] /o SAED PDK 90: Loaded display resources
[23:39:01.66] /m Information: License 'Schematic Editor' checked out. (LICENSE-003)
[23:39:01.73] /r giWindowId 2
[23:39:01.74] /r giWindowGeometry 1305x777
[23:39:05.56] /i db::setAttr geometry -of [gi::getFrames 2] -value 1305x777+137+44
[23:39:32.90] /i gi::executeAction giCloseWindow -in [gi::getWindows 2]
[23:39:33.70] /m Information: License 'Schematic Editor' checked in. (LICENSE-004)
[23:39:33.85] /i gi::setActiveWindow 1
[23:39:33.85] /i gi::setActiveWindow 1 -raise true
[23:39:34.83] /i gi::setCurrentIndex {views} -index {symbol} -in [gi::getWindows 1]
[23:39:34.85] /i gi::setItemSelection {views} -index {symbol} -in [gi::getWindows 1]
[23:39:35.15] /i gi::executeAction dmOpen -in [gi::getWindows 1]
[23:39:35.21] /m Information: License 'Schematic Editor' checked out. (LICENSE-003)
[23:39:35.30] /r giWindowId 3
[23:39:35.30] /r giWindowGeometry 1305x777
[23:39:36.24] /i gi::setActiveWindow 1
[23:39:36.25] /i gi::setActiveWindow 1 -raise true
[23:39:36.33] /i gi::executeAction dmOpen -in [gi::getWindows 1]
[23:39:36.35] /r giWindowId 4
[23:39:36.35] /r giWindowGeometry 1305x777
[23:39:36.82] /i gi::setActiveWindow 3
[23:39:36.83] /i gi::setActiveWindow 3 -raise true
[23:39:36.95] /i gi::setActiveWindow 4
[23:39:36.97] /i gi::setActiveWindow 4 -raise true
[23:39:37.09] /i db::setAttr geometry -of [gi::getFrames 3] -value 1305x777+33+72
[23:39:37.23] /i db::setAttr geometry -of [gi::getFrames 4] -value 1305x777+51+90
[23:40:05.71] /i gi::executeAction giCloseWindow -in [gi::getWindows 4]
[23:40:07.50] /i gi::executeAction giCloseWindow -in [gi::getWindows 3]
[23:40:07.98] /m Information: License 'Schematic Editor' checked in. (LICENSE-004)
[23:40:08.16] /i gi::setActiveWindow 1
[23:40:08.17] /i gi::setActiveWindow 1 -raise true
[23:40:08.97] /i gi::setCurrentIndex {cells} -index {inverter_testbench} -in [gi::getWindows 1]
[23:40:09.00] /i gi::setItemSelection {cells} -index {inverter_testbench} -in [gi::getWindows 1]
[23:40:10.13] /i gi::setCurrentIndex {views} -index {schematic} -in [gi::getWindows 1]
[23:40:10.16] /i gi::setItemSelection {views} -index {schematic} -in [gi::getWindows 1]
[23:40:11.26] /i gi::setCurrentIndex {views} -index {Tran_DC_SAE} -in [gi::getWindows 1]
[23:40:11.27] /i gi::setItemSelection {views} -index {Tran_DC_SAE} -in [gi::getWindows 1]
[23:40:11.42] /i gi::executeAction dmOpen -in [gi::getWindows 1]
[23:40:12.54] /m Information: License 'Simulation & Analysis Environment' checked out. (LICENSE-003)
[23:40:12.66] /r giWindowId 5
[23:40:12.67] /r giWindowGeometry 600x500
[23:40:13.92] /i db::setAttr geometry -of [gi::getFrames 5] -value 600x500+164+187
[23:40:13.93] /i gi::executeAction giCloseWindow -in [gi::getWindows 5]
[23:40:13.99] /m Information: License 'Simulation & Analysis Environment' checked in. (LICENSE-004)
[23:40:14.09] /i gi::setActiveWindow 1
[23:40:14.11] /i gi::setActiveWindow 1 -raise true
[23:40:14.71] /i gi::setCurrentIndex {views} -index {schematic} -in [gi::getWindows 1]
[23:40:14.73] /i gi::setItemSelection {views} -index {schematic} -in [gi::getWindows 1]
[23:40:14.88] /i gi::executeAction dmOpen -in [gi::getWindows 1]
[23:40:14.94] /m Information: License 'Schematic Editor' checked out. (LICENSE-003)
[23:40:14.98] /r giWindowId 6
[23:40:14.98] /r giWindowGeometry 1305x777
[23:40:18.36] /i db::setAttr geometry -of [gi::getFrames 6] -value 1305x777+69+108
[23:40:42.77] /i gi::executeAction giCloseWindow -in [gi::getWindows 6]
[23:40:44.88] /m Information: License 'Schematic Editor' checked in. (LICENSE-004)
[23:40:44.99] /i gi::setActiveWindow 1
[23:40:45.17] /i gi::setActiveWindow 1 -raise true
[23:40:46.22] /i gi::setActiveWindow 0
[23:40:46.55] /i gi::setActiveWindow 0 -raise true
[23:40:46.59] /i db::setAttr geometry -of [gi::getFrames 1] -value 660x600+0+0
[23:40:55.19] /i gi::setActiveWindow 1
[23:40:55.21] /i gi::setActiveWindow 1 -raise true
[23:40:55.58] /i db::setAttr geometry -of [gi::getFrames 1] -value 660x600+58+81
[23:40:55.93] /i gi::sortItems {views} -column {Views} -order {descending} -in [gi::getWindows 1]
[23:40:56.24] /i gi::executeAction dmOpen -in [gi::getWindows 1]
[23:40:56.29] /m Information: License 'Schematic Editor' checked out. (LICENSE-003)
[23:40:56.32] /r giWindowId 7
[23:40:56.32] /r giWindowGeometry 1305x777
[23:40:57.09] /i db::setAttr geometry -of [gi::getFrames 7] -value 1305x777+87+54
[23:40:57.78] /i gi::executeAction giCloseWindow -in [gi::getWindows 7]
[23:40:58.82] /m Information: License 'Schematic Editor' checked in. (LICENSE-004)
[23:40:58.97] /i gi::setActiveWindow 1
[23:40:58.98] /i gi::setActiveWindow 1 -raise true
[23:40:59.49] /i gi::setItemSelection {views} -index {} -in [gi::getWindows 1]
[23:40:59.70] /i gi::setCurrentIndex {cells} -index {inverter} -in [gi::getWindows 1]
[23:40:59.71] /i gi::setItemSelection {cells} -index {inverter} -in [gi::getWindows 1]
[23:41:00.81] /i gi::setCurrentIndex {views} -index {schematic} -in [gi::getWindows 1]
[23:41:00.82] /i gi::setItemSelection {views} -index {schematic} -in [gi::getWindows 1]
[23:41:02.17] /i gi::setCurrentIndex {cells} -index {inverter_testbench} -in [gi::getWindows 1]
[23:41:02.19] /i gi::setItemSelection {cells} -index {inverter_testbench} -in [gi::getWindows 1]
[23:41:02.54] /i gi::setCurrentIndex {views} -index {schematic} -in [gi::getWindows 1]
[23:41:02.56] /i gi::setItemSelection {views} -index {schematic} -in [gi::getWindows 1]
[23:41:03.36] /i gi::setCurrentIndex {views} -index {Tran_DC_SAE} -in [gi::getWindows 1]
[23:41:03.37] /i gi::setItemSelection {views} -index {Tran_DC_SAE} -in [gi::getWindows 1]
[23:41:03.42] /i gi::executeAction dmOpen -in [gi::getWindows 1]
[23:41:03.48] /m Information: License 'Simulation & Analysis Environment' checked out. (LICENSE-003)
[23:41:03.56] /r giWindowId 8
[23:41:03.56] /r giWindowGeometry 600x500
[23:41:04.60] /i db::setAttr geometry -of [gi::getFrames 8] -value 600x500+138+161
[23:41:07.71] /i gi::executeAction menuPreShow -in [gi::getWindows 8]
[23:41:07.71] /r giMenuAccess db::getNext [gi::getMenus saVariablesMenu -from [gi::getWindows 8]]
[23:41:08.41] /i gi::executeAction menuPreShow -in [gi::getWindows 8]
[23:41:08.42] /r giMenuAccess db::getNext [gi::getMenus saConsoleSimMenu -from [gi::getWindows 8]]
[23:41:08.53] /i gi::executeAction menuPreShow -in [gi::getWindows 8]
[23:41:08.54] /r giMenuAccess db::getNext [gi::getMenus saConsoleOutputsMenu -from [gi::getWindows 8]]
[23:41:08.94] /i gi::executeAction menuPreShow -in [gi::getWindows 8]
[23:41:08.95] /r giMenuAccess db::getNext [gi::getMenus saConsoleSimMenu -from [gi::getWindows 8]]
[23:41:09.26] /i gi::executeAction menuPreShow -in [gi::getWindows 8]
[23:41:09.27] /r giMenuAccess db::getNext [gi::getMenus saConsoleOutputsMenu -from [gi::getWindows 8]]
[23:41:09.46] /i gi::executeAction menuPreShow -in [gi::getWindows 8]
[23:41:09.47] /r giMenuAccess db::getNext [gi::getMenus saVariablesMenu -from [gi::getWindows 8]]
[23:41:09.65] /i gi::executeAction menuPreShow -in [gi::getWindows 8]
[23:41:09.66] /r giMenuAccess db::getNext [gi::getMenus saConsoleSetupMenu -from [gi::getWindows 8]]
[23:41:10.79] /i gi::executeAction menuPreShow -in [gi::getWindows 8]
[23:41:10.80] /r giMenuAccess db::getNext [gi::getMenus saConsoleSessionMenu -from [gi::getWindows 8]]
[23:41:12.37] /i gi::executeAction menuPreShow -in [gi::getWindows 8]
[23:41:12.38] /r giMenuAccess db::getNext [gi::getMenus saConsoleSetupMenu -from [gi::getWindows 8]]
[23:41:13.80] /i gi::executeAction menuPreShow -in [gi::getWindows 8]
[23:41:13.81] /r giMenuAccess db::getNext [gi::getMenus saVariablesMenu -from [gi::getWindows 8]]
[23:41:14.66] /i gi::executeAction menuPreShow -in [gi::getWindows 8]
[23:41:14.66] /r giMenuAccess db::getNext [gi::getMenus saConsoleOutputsMenu -from [gi::getWindows 8]]
[23:43:18.39] /i gi::executeAction menuPreShow -in [gi::getWindows 8]
[23:43:18.40] /r giMenuAccess db::getNext [gi::getMenus saConsoleSimMenu -from [gi::getWindows 8]]
[23:43:45.59] /i gi::executeAction menuPreShow -in [gi::getWindows 8]
[23:43:45.60] /r giMenuAccess db::getNext [gi::getMenus saConsoleSimMenu -from [gi::getWindows 8]]
[23:43:46.84] /# gi::executeAction saNetlistAndRun -in [gi::getWindows 8]
[23:43:46.84] /i isa::netlistAndRun -testbench [sa::findActiveTestbench -window 8]
[23:43:46.90] /m Information: "Starting incremental netlisting for design "mylibrary/inverter_testbench/schematic"..." (NETLISTING-010)
[23:43:47.00] /o No Design Integrity rule violations found in "mylibrary/inverter_testbench/schematic"
[23:43:47.17] /m Information: "mylibrary inverter schematic" renetlisted. (NETLISTING-056)
[23:43:47.23] /m Information: "mylibrary inverter_testbench schematic" renetlisted. (NETLISTING-056)
[23:43:47.29] /m Information: "Netlisting design "mylibrary/inverter_testbench/schematic" finished successfully." (NETLISTING-012)
[23:43:47.30] /m Information: "Composing simulator input file for design "mylibrary/inverter_testbench/schematic"..."
[23:43:47.38] /m Information: "Simulator input file composed successfully for design "mylibrary/inverter_testbench/schematic""
[23:43:47.96] /r giWindowId 9
[23:43:47.96] /r giWindowGeometry 800x600
[23:43:48.19] /# gi::expand {jobMonitorTable} -index {0,0} -in [gi::getWindows 9]
[23:43:48.19] /# gi::expand {jobMonitorTable} -index {0.0,0} -in [gi::getWindows 9]
[23:43:48.28] /m Information: "Starting HSPICE simulation for design: mylibrary/inverter_testbench/schematic"
[23:43:48.29] /# gi::collapse {jobMonitorTable} -index {0.0,0} -in [gi::getWindows 9]
[23:43:48.32] /o 1
[23:43:48.32] /i gi::expand {jobMonitorTable} -index {0.0,0} -in [gi::getWindows 9]
[23:43:48.52] /i db::setAttr geometry -of [gi::getFrames 9] -value 800x600+34+57
[23:43:48.71] /m Information: "Simulation completed successfully for design: mylibrary/inverter_testbench/schematic "
[23:43:49.02] /m Information: Measurement calculations completed for testbench: default in 0s
[23:43:49.04] /m Information: "Evaluating and plotting outputs..."
[23:43:49.08] /m Information: Launching Waveform Viewer "cd /home/eemaj/ckhuu/simulation/mylibrary/inverter_testbench/schematic/HSPICE/nominal/results && wv -k -cdesigner > /home/eemaj/ckhuu/simulation/mylibrary/inverter_testbench/schematic/HSPICE/nominal/results/viewer.log 2>&1"
[23:45:39.79] /m Information: Waveform Viewer exited normally.
[23:45:40.66] /i gi::executeAction giCloseWindow -in [gi::getWindows 9]
[23:45:41.59] /i gi::setActiveWindow 8
[23:45:41.60] /i gi::setActiveWindow 8 -raise true
[23:45:41.61] /i gi::executeAction giCloseWindow -in [gi::getWindows 8]
[23:45:41.65] /m Information: License 'Simulation & Analysis Environment' checked in. (LICENSE-004)
[23:45:43.20] /i gi::setActiveWindow 1
[23:45:43.21] /i gi::setActiveWindow 1 -raise true
[23:45:43.36] /i db::setAttr geometry -of [gi::getFrames 1] -value 660x600+0+0
[23:53:00.14] /i gi::executeAction giCloseWindow -in [gi::getWindows 1]
[00:16:30.90] /i gi::setActiveWindow 0
[00:16:30.90] /i gi::setActiveWindow 0 -raise true
[00:16:32.49] /i gi::executeAction giCloseWindow -in [gi::getWindows 0]
[00:16:32.59] /r giDialog gi::setActiveDialog [gi::getDialogs {deExitDialog}]
[00:16:32.87] /r giDialog db::setAttr geometry -of [gi::getDialogs {deExitDialog}] -value 371x218+581+314
[00:16:34.00] /r giDialog gi::pressButton {ok} -in [gi::getDialogs {deExitDialog}]
[00:16:34.16] /o Shutdown time: Wed Jan 23 00:16:34 2019
[00:16:34.16] /o Elapsed session real time: 37.98 minutes
[00:16:34.16] /o Session terminated. Log is at /home/eemaj/ckhuu/eecs168/cdesigner.log
